<?xml version="1.0" encoding="UTF-8" ?>
<testsuite tests="2" failures="0" name="org.lemurproject.galago.core.retrieval.processing.MaxPassageFinderTest" time="0.406" errors="0" skipped="0">
  <properties>
    <property name="java.runtime.name" value="Java(TM) SE Runtime Environment"/>
    <property name="sun.boot.library.path" value="/usr/lib/jvm/java-8-oracle/jre/lib/amd64"/>
    <property name="java.vm.version" value="25.144-b01"/>
    <property name="java.vm.vendor" value="Oracle Corporation"/>
    <property name="java.vendor.url" value="http://java.oracle.com/"/>
    <property name="path.separator" value=":"/>
    <property name="java.vm.name" value="Java HotSpot(TM) 64-Bit Server VM"/>
    <property name="file.encoding.pkg" value="sun.io"/>
    <property name="user.country" value="US"/>
    <property name="sun.java.launcher" value="SUN_STANDARD"/>
    <property name="sun.os.patch.level" value="unknown"/>
    <property name="java.vm.specification.name" value="Java Virtual Machine Specification"/>
    <property name="user.dir" value="/u/data/u87/arayabha/galago-3.12/core"/>
    <property name="java.runtime.version" value="1.8.0_144-b01"/>
    <property name="java.awt.graphicsenv" value="sun.awt.X11GraphicsEnvironment"/>
    <property name="basedir" value="/u/data/u87/arayabha/galago-3.12/core"/>
    <property name="java.endorsed.dirs" value="/usr/lib/jvm/java-8-oracle/jre/lib/endorsed"/>
    <property name="os.arch" value="amd64"/>
    <property name="surefire.real.class.path" value="/u/data/u87/arayabha/galago-3.12/core/target/surefire/surefirebooter8372170036418219628.jar"/>
    <property name="java.io.tmpdir" value="/tmp"/>
    <property name="line.separator" value="
"/>
    <property name="java.vm.specification.vendor" value="Oracle Corporation"/>
    <property name="os.name" value="Linux"/>
    <property name="sun.jnu.encoding" value="UTF-8"/>
    <property name="java.library.path" value="/usr/java/packages/lib/amd64:/usr/lib64:/lib64:/lib:/usr/lib"/>
    <property name="surefire.test.class.path" value="/u/data/u87/arayabha/galago-3.12/core/target/test-classes:/u/data/u87/arayabha/galago-3.12/core/target/classes:/u/data/u87/arayabha/galago-3.12/tupleflow/target/tupleflow-3.12.jar:/homes/arayabha/.m2/repository/net/sf/trove4j/trove4j/3.0.3/trove4j-3.0.3.jar:/u/data/u87/arayabha/galago-3.12/utility/target/utility-3.12.jar:/homes/arayabha/.m2/repository/org/tukaani/xz/1.5/xz-1.5.jar:/homes/arayabha/.m2/repository/com/google/code/findbugs/jsr305/3.0.0/jsr305-3.0.0.jar:/homes/arayabha/.m2/repository/org/eclipse/jetty/jetty-server/9.3.5.v20151012/jetty-server-9.3.5.v20151012.jar:/homes/arayabha/.m2/repository/javax/servlet/javax.servlet-api/3.1.0/javax.servlet-api-3.1.0.jar:/homes/arayabha/.m2/repository/org/eclipse/jetty/jetty-http/9.3.5.v20151012/jetty-http-9.3.5.v20151012.jar:/homes/arayabha/.m2/repository/org/eclipse/jetty/jetty-util/9.3.5.v20151012/jetty-util-9.3.5.v20151012.jar:/homes/arayabha/.m2/repository/org/eclipse/jetty/jetty-io/9.3.5.v20151012/jetty-io-9.3.5.v20151012.jar:/homes/arayabha/.m2/repository/org/apache/commons/commons-compress/1.9/commons-compress-1.9.jar:/u/data/u87/arayabha/galago-3.12/tupleflow-gridengine/target/tupleflow-gridengine-3.12.jar:/homes/arayabha/.m2/repository/org/ggf/drmaa/drmaa/1.0/drmaa-1.0.jar:/u/data/u87/arayabha/galago-3.12/eval/target/eval-3.12.jar:/homes/arayabha/.m2/repository/org/apache/commons/commons-math3/3.5/commons-math3-3.5.jar:/u/data/u87/arayabha/galago-3.12/snowball-stemmers/target/snowball-stemmers-3.12.jar:/u/data/u87/arayabha/galago-3.12/krovetz-stemmer/target/krovetz-stemmer-3.12.jar:/homes/arayabha/.m2/repository/info/bliki/wiki/bliki-core/3.0.19/bliki-core-3.0.19.jar:/homes/arayabha/.m2/repository/commons-httpclient/commons-httpclient/3.1/commons-httpclient-3.1.jar:/homes/arayabha/.m2/repository/xmlenc/xmlenc/0.52/xmlenc-0.52.jar:/homes/arayabha/.m2/repository/org/xerial/snappy/snappy-java/1.0.5-M4/snappy-java-1.0.5-M4.jar:/homes/arayabha/.m2/repository/org/reflections/reflections/0.9.10/reflections-0.9.10.jar:/homes/arayabha/.m2/repository/com/google/guava/guava/15.0/guava-15.0.jar:/homes/arayabha/.m2/repository/org/javassist/javassist/3.19.0-GA/javassist-3.19.0-GA.jar:/homes/arayabha/.m2/repository/com/google/code/findbugs/annotations/2.0.1/annotations-2.0.1.jar:/homes/arayabha/.m2/repository/junit/junit/4.11/junit-4.11.jar:/homes/arayabha/.m2/repository/org/hamcrest/hamcrest-core/1.3/hamcrest-core-1.3.jar:/homes/arayabha/.m2/repository/com/github/ben-manes/caffeine/caffeine/2.3.1/caffeine-2.3.1.jar:/homes/arayabha/.m2/repository/org/apache/httpcomponents/httpclient/4.5/httpclient-4.5.jar:/homes/arayabha/.m2/repository/org/apache/httpcomponents/httpcore/4.4.1/httpcore-4.4.1.jar:/homes/arayabha/.m2/repository/commons-logging/commons-logging/1.2/commons-logging-1.2.jar:/homes/arayabha/.m2/repository/commons-codec/commons-codec/1.9/commons-codec-1.9.jar:"/>
    <property name="java.specification.name" value="Java Platform API Specification"/>
    <property name="java.class.version" value="52.0"/>
    <property name="sun.management.compiler" value="HotSpot 64-Bit Tiered Compilers"/>
    <property name="os.version" value="4.4.0-62-generic"/>
    <property name="user.home" value="/homes/arayabha"/>
    <property name="user.timezone" value="America/Indiana/Indianapolis"/>
    <property name="java.awt.printerjob" value="sun.print.PSPrinterJob"/>
    <property name="file.encoding" value="UTF-8"/>
    <property name="java.specification.version" value="1.8"/>
    <property name="user.name" value="arayabha"/>
    <property name="java.class.path" value="/u/data/u87/arayabha/galago-3.12/core/target/test-classes:/u/data/u87/arayabha/galago-3.12/core/target/classes:/u/data/u87/arayabha/galago-3.12/tupleflow/target/tupleflow-3.12.jar:/homes/arayabha/.m2/repository/net/sf/trove4j/trove4j/3.0.3/trove4j-3.0.3.jar:/u/data/u87/arayabha/galago-3.12/utility/target/utility-3.12.jar:/homes/arayabha/.m2/repository/org/tukaani/xz/1.5/xz-1.5.jar:/homes/arayabha/.m2/repository/com/google/code/findbugs/jsr305/3.0.0/jsr305-3.0.0.jar:/homes/arayabha/.m2/repository/org/eclipse/jetty/jetty-server/9.3.5.v20151012/jetty-server-9.3.5.v20151012.jar:/homes/arayabha/.m2/repository/javax/servlet/javax.servlet-api/3.1.0/javax.servlet-api-3.1.0.jar:/homes/arayabha/.m2/repository/org/eclipse/jetty/jetty-http/9.3.5.v20151012/jetty-http-9.3.5.v20151012.jar:/homes/arayabha/.m2/repository/org/eclipse/jetty/jetty-util/9.3.5.v20151012/jetty-util-9.3.5.v20151012.jar:/homes/arayabha/.m2/repository/org/eclipse/jetty/jetty-io/9.3.5.v20151012/jetty-io-9.3.5.v20151012.jar:/homes/arayabha/.m2/repository/org/apache/commons/commons-compress/1.9/commons-compress-1.9.jar:/u/data/u87/arayabha/galago-3.12/tupleflow-gridengine/target/tupleflow-gridengine-3.12.jar:/homes/arayabha/.m2/repository/org/ggf/drmaa/drmaa/1.0/drmaa-1.0.jar:/u/data/u87/arayabha/galago-3.12/eval/target/eval-3.12.jar:/homes/arayabha/.m2/repository/org/apache/commons/commons-math3/3.5/commons-math3-3.5.jar:/u/data/u87/arayabha/galago-3.12/snowball-stemmers/target/snowball-stemmers-3.12.jar:/u/data/u87/arayabha/galago-3.12/krovetz-stemmer/target/krovetz-stemmer-3.12.jar:/homes/arayabha/.m2/repository/info/bliki/wiki/bliki-core/3.0.19/bliki-core-3.0.19.jar:/homes/arayabha/.m2/repository/commons-httpclient/commons-httpclient/3.1/commons-httpclient-3.1.jar:/homes/arayabha/.m2/repository/xmlenc/xmlenc/0.52/xmlenc-0.52.jar:/homes/arayabha/.m2/repository/org/xerial/snappy/snappy-java/1.0.5-M4/snappy-java-1.0.5-M4.jar:/homes/arayabha/.m2/repository/org/reflections/reflections/0.9.10/reflections-0.9.10.jar:/homes/arayabha/.m2/repository/com/google/guava/guava/15.0/guava-15.0.jar:/homes/arayabha/.m2/repository/org/javassist/javassist/3.19.0-GA/javassist-3.19.0-GA.jar:/homes/arayabha/.m2/repository/com/google/code/findbugs/annotations/2.0.1/annotations-2.0.1.jar:/homes/arayabha/.m2/repository/junit/junit/4.11/junit-4.11.jar:/homes/arayabha/.m2/repository/org/hamcrest/hamcrest-core/1.3/hamcrest-core-1.3.jar:/homes/arayabha/.m2/repository/com/github/ben-manes/caffeine/caffeine/2.3.1/caffeine-2.3.1.jar:/homes/arayabha/.m2/repository/org/apache/httpcomponents/httpclient/4.5/httpclient-4.5.jar:/homes/arayabha/.m2/repository/org/apache/httpcomponents/httpcore/4.4.1/httpcore-4.4.1.jar:/homes/arayabha/.m2/repository/commons-logging/commons-logging/1.2/commons-logging-1.2.jar:/homes/arayabha/.m2/repository/commons-codec/commons-codec/1.9/commons-codec-1.9.jar:"/>
    <property name="java.vm.specification.version" value="1.8"/>
    <property name="sun.arch.data.model" value="64"/>
    <property name="java.home" value="/usr/lib/jvm/java-8-oracle/jre"/>
    <property name="sun.java.command" value="/u/data/u87/arayabha/galago-3.12/core/target/surefire/surefirebooter8372170036418219628.jar /u/data/u87/arayabha/galago-3.12/core/target/surefire/surefire7606223300168626316tmp /u/data/u87/arayabha/galago-3.12/core/target/surefire/surefire786390949156519414tmp"/>
    <property name="java.specification.vendor" value="Oracle Corporation"/>
    <property name="user.language" value="en"/>
    <property name="awt.toolkit" value="sun.awt.X11.XToolkit"/>
    <property name="java.vm.info" value="mixed mode"/>
    <property name="java.version" value="1.8.0_144"/>
    <property name="java.ext.dirs" value="/usr/lib/jvm/java-8-oracle/jre/lib/ext:/usr/java/packages/lib/ext"/>
    <property name="sun.boot.class.path" value="/usr/lib/jvm/java-8-oracle/jre/lib/resources.jar:/usr/lib/jvm/java-8-oracle/jre/lib/rt.jar:/usr/lib/jvm/java-8-oracle/jre/lib/sunrsasign.jar:/usr/lib/jvm/java-8-oracle/jre/lib/jsse.jar:/usr/lib/jvm/java-8-oracle/jre/lib/jce.jar:/usr/lib/jvm/java-8-oracle/jre/lib/charsets.jar:/usr/lib/jvm/java-8-oracle/jre/lib/jfr.jar:/usr/lib/jvm/java-8-oracle/jre/classes"/>
    <property name="java.vendor" value="Oracle Corporation"/>
    <property name="localRepository" value="/homes/arayabha/.m2/repository"/>
    <property name="file.separator" value="/"/>
    <property name="java.vendor.url.bug" value="http://bugreport.sun.com/bugreport/"/>
    <property name="sun.cpu.endian" value="little"/>
    <property name="sun.io.unicode.encoding" value="UnicodeLittle"/>
    <property name="sun.cpu.isalist" value=""/>
  </properties>
  <testcase classname="org.lemurproject.galago.core.retrieval.processing.MaxPassageFinderTest" name="testMissingPassageQuery" time="0.005"/>
  <testcase classname="org.lemurproject.galago.core.retrieval.processing.MaxPassageFinderTest" name="testEntireCollection" time="0.021"/>
</testsuite>